This is e-pTeX, Version 3.14159265-p3.7-160201-2.6 (utf8.euc) (TeX Live 2016) (preloaded format=platex 2017.1.26)  14 FEB 2017 10:03
entering extended mode
 restricted \write18 enabled.
 file:line:error style messages enabled.
 %&-line parsing enabled.
**mapleruby_eringi.tex
(./mapleruby_eringi.tex
pLaTeX2e <2016/11/29> (based on LaTeX2e <2017/01/01>)
Babel <3.9r> and hyphenation patterns for 83 language(s) loaded.
(/usr/local/texlive/2016/texmf-dist/tex/platex/jsclasses/jsarticle.cls
Document Class: jsarticle 2017/01/13 okumura, texjporg
\jsc@mpt=\dimen118
\jsc@mmm=\dimen119
\jsc@smallskipamount=\skip41
LaTeX Info: Redefining \rmfamily on input line 468.
LaTeX Info: Redefining \sffamily on input line 471.
LaTeX Info: Redefining \ttfamily on input line 474.
LaTeX Info: Redefining \textmc on input line 477.
LaTeX Info: Redefining \textgt on input line 479.
\symmincho=\mathgroup4
LaTeX Font Info:    Overwriting symbol font `mincho' in version `bold'
(Font)                  JY1/mc/m/n --> JY1/gt/m/n on input line 540.
LaTeX Font Info:    Font shape `JT1/mc/m/n' will be
(Font)              scaled to size 9.60999pt on input line 731.
LaTeX Font Info:    Font shape `JY1/mc/m/n' will be
(Font)              scaled to size 9.60999pt on input line 731.
\fullwidth=\dimen120
LaTeX Font Info:    Font shape `JT1/mc/m/n' will be
(Font)              scaled to size 7.68799pt on input line 883.
LaTeX Font Info:    Font shape `JY1/mc/m/n' will be
(Font)              scaled to size 7.68799pt on input line 883.
\c@part=\count82
\c@section=\count83
\c@subsection=\count84
\c@subsubsection=\count85
\c@paragraph=\count86
\c@subparagraph=\count87
\@abstractbox=\box41
\c@figure=\count88
\c@table=\count89
\abovecaptionskip=\skip42
\belowcaptionskip=\skip43
\jsc@tocl@width=\dimen121
\@lnumwidth=\dimen122
\bibindent=\dimen123
(/usr/local/texlive/2016/texmf-dist/tex/platex/jsclasses/jslogo.sty
Package: jslogo 2016/07/14 okumura, texjporg
LaTeX Info: Redefining \TeX on input line 94.
LaTeX Info: Redefining \LaTeX on input line 147.
LaTeX Info: Redefining \LaTeXe on input line 200.
)
\heisei=\count90
)
(/usr/local/texlive/2016/texmf-dist/tex/latex/graphics/graphicx.sty
Package: graphicx 2014/10/28 v1.0g Enhanced LaTeX Graphics (DPC,SPQR)

(/usr/local/texlive/2016/texmf-dist/tex/latex/graphics/keyval.sty
Package: keyval 2014/10/28 v1.15 key=value parser (DPC)
\KV@toks@=\toks15
)
(/usr/local/texlive/2016/texmf-dist/tex/latex/graphics/graphics.sty
Package: graphics 2016/10/09 v1.0u Standard LaTeX Graphics (DPC,SPQR)

(/usr/local/texlive/2016/texmf-dist/tex/latex/graphics/trig.sty
Package: trig 2016/01/03 v1.10 sin cos tan (DPC)
)
(/usr/local/texlive/2016/texmf-dist/tex/latex/graphics-cfg/graphics.cfg
File: graphics.cfg 2016/06/04 v1.11 sample graphics configuration
)
Package graphics Info: Driver file: dvipdfmx.def on input line 99.

(/usr/local/texlive/2016/texmf-dist/tex/latex/graphics-def/dvipdfmx.def
File: dvipdfmx.def 2016/07/11 v4.12 LaTeX color/graphics driver for dvipdfmx (L
3/ChoF)
))
\Gin@req@height=\dimen124
\Gin@req@width=\dimen125
)
(/usr/local/texlive/2016/texmf-dist/tex/latex/graphics/color.sty
Package: color 2016/07/10 v1.1e Standard LaTeX Color (DPC)

(/usr/local/texlive/2016/texmf-dist/tex/latex/graphics-cfg/color.cfg
File: color.cfg 2016/01/02 v1.6 sample color configuration
)
Package color Info: Driver file: dvipdfmx.def on input line 147.

(/usr/local/texlive/2016/texmf-dist/tex/latex/graphics/dvipsnam.def
File: dvipsnam.def 2016/06/17 v3.0m Driver-dependent file (DPC,SPQR)
))
(/usr/local/texlive/2016/texmf-dist/tex/latex/listings/listings.sty
\lst@mode=\count91
\lst@gtempboxa=\box42
\lst@token=\toks16
\lst@length=\count92
\lst@currlwidth=\dimen126
\lst@column=\count93
\lst@pos=\count94
\lst@lostspace=\dimen127
\lst@width=\dimen128
\lst@newlines=\count95
\lst@lineno=\count96
\lst@maxwidth=\dimen129

(/usr/local/texlive/2016/texmf-dist/tex/latex/listings/lstmisc.sty
File: lstmisc.sty 2015/06/04 1.6 (Carsten Heinz)
\c@lstnumber=\count97
\lst@skipnumbers=\count98
\lst@framebox=\box43
)
(/usr/local/texlive/2016/texmf-dist/tex/latex/listings/listings.cfg
File: listings.cfg 2015/06/04 1.6 listings configuration
))
Package: listings 2015/06/04 1.6 (Carsten Heinz)

(./jlisting.sty
Package: jlisting 2006/02/20 0.2 (Thor)
\lst@nextchar=\count99
\lst@inputfile=\read1
) (./mapleruby_eringi.aux (./abst.aux) (./introduction.aux)
(./method.aux

LaTeX Warning: Label `default' multiply defined.

) (./mounting.aux

LaTeX Warning: Label `default' multiply defined.


LaTeX Warning: Label `default' multiply defined.


LaTeX Warning: Label `default' multiply defined.


LaTeX Warning: Label `default' multiply defined.


LaTeX Warning: Label `default' multiply defined.


LaTeX Warning: Label `default' multiply defined.

) (./result.aux

LaTeX Warning: Label `default' multiply defined.


LaTeX Warning: Label `default' multiply defined.

) (./discussion.aux

LaTeX Warning: Label `default' multiply defined.

) (./conclusion.aux) (./references.aux))
\openout1 = `mapleruby_eringi.aux'.

LaTeX Font Info:    Checking defaults for OML/cmm/m/it on input line 38.
LaTeX Font Info:    ... okay on input line 38.
LaTeX Font Info:    Checking defaults for T1/cmr/m/n on input line 38.
LaTeX Font Info:    ... okay on input line 38.
LaTeX Font Info:    Checking defaults for OT1/cmr/m/n on input line 38.
LaTeX Font Info:    ... okay on input line 38.
LaTeX Font Info:    Checking defaults for OMS/cmsy/m/n on input line 38.
LaTeX Font Info:    ... okay on input line 38.
LaTeX Font Info:    Checking defaults for OMX/cmex/m/n on input line 38.
LaTeX Font Info:    ... okay on input line 38.
LaTeX Font Info:    Checking defaults for U/cmr/m/n on input line 38.
LaTeX Font Info:    ... okay on input line 38.
LaTeX Font Info:    Checking defaults for JY1/mc/m/n on input line 38.
LaTeX Font Info:    ... okay on input line 38.
LaTeX Font Info:    Checking defaults for JT1/mc/m/n on input line 38.
LaTeX Font Info:    ... okay on input line 38.
\c@lstlisting=\count100
LaTeX Font Info:    Font shape `JT1/mc/m/n' will be
(Font)              scaled to size 16.60605pt on input line 44.
LaTeX Font Info:    Font shape `JY1/mc/m/n' will be
(Font)              scaled to size 16.60605pt on input line 44.
LaTeX Font Info:    Font shape `JT1/mc/m/n' will be
(Font)              scaled to size 11.53198pt on input line 44.
LaTeX Font Info:    Font shape `JY1/mc/m/n' will be
(Font)              scaled to size 11.53198pt on input line 44.
LaTeX Font Info:    External font `cmex10' loaded for size
(Font)              <12> on input line 44.
LaTeX Font Info:    External font `cmex10' loaded for size
(Font)              <8> on input line 44.
LaTeX Font Info:    External font `cmex10' loaded for size
(Font)              <6> on input line 44.
LaTeX Font Info:    Font shape `JY1/mc/m/n' will be
(Font)              scaled to size 5.76599pt on input line 44.
LaTeX Font Info:    Font shape `JT1/gt/m/n' will be
(Font)              scaled to size 9.60999pt on input line 46.
LaTeX Font Info:    Font shape `JY1/gt/m/n' will be
(Font)              scaled to size 9.60999pt on input line 46.
LaTeX Font Info:    Font shape `JT1/mc/m/n' will be
(Font)              scaled to size 13.83836pt on input line 46.
LaTeX Font Info:    Font shape `JY1/mc/m/n' will be
(Font)              scaled to size 13.83836pt on input line 46.
LaTeX Font Info:    Font shape `JT1/gt/m/n' will be
(Font)              scaled to size 13.83836pt on input line 46.
LaTeX Font Info:    Font shape `JY1/gt/m/n' will be
(Font)              scaled to size 13.83836pt on input line 46.
 (./mapleruby_eringi.toc [1

]
LaTeX Font Info:    External font `cmex10' loaded for size
(Font)              <7> on input line 4.
LaTeX Font Info:    External font `cmex10' loaded for size
(Font)              <5> on input line 4.
LaTeX Font Info:    Font shape `JY1/mc/m/n' will be
(Font)              scaled to size 6.72699pt on input line 4.
LaTeX Font Info:    Font shape `JY1/mc/m/n' will be
(Font)              scaled to size 4.805pt on input line 4.
)
\tf@toc=\write3
\openout3 = `mapleruby_eringi.toc'.

 [2]
\openout2 = `abst.aux'.


(./abst.tex) [3

]
\openout2 = `introduction.aux'.

 (./introduction.tex) [4


]
\openout2 = `method.aux'.

 (./method.tex
LaTeX Font Info:    Font shape `JT1/gt/m/n' will be
(Font)              scaled to size 11.53198pt on input line 2.
LaTeX Font Info:    Font shape `JY1/gt/m/n' will be
(Font)              scaled to size 11.53198pt on input line 2.
LaTeX Font Info:    Font shape `JT1/mc/m/n' will be
(Font)              scaled to size 8.64899pt on input line 11.
LaTeX Font Info:    Font shape `JY1/mc/m/n' will be
(Font)              scaled to size 8.64899pt on input line 11.
 [5


]) [6]
\openout2 = `mounting.aux'.


(./mounting.tex
File: ../figs/./mapleruby_eringi.003.png Graphic file (type eps)
 <../figs/./mapleruby_eringi.003.png> [7


]
File: ../figs/./mapleruby_eringi.exmatrix.png Graphic file (type eps)

<../figs/./mapleruby_eringi.exmatrix.png> [8]
File: ../figs/./mapleruby_eringi.004.png Graphic file (type eps)

<../figs/./mapleruby_eringi.004.png> [9]
File: ../figs/./mapleruby_eringi.005.png Graphic file (type eps)
 <../figs/./mapleruby_eringi.005.png>
File: ../figs/./mapleruby_eringi.006.png Graphic file (type eps)

<../figs/./mapleruby_eringi.006.png> [10] [11]
File: ../figs/./mapleruby_eringi.007.png Graphic file (type eps)

<../figs/./mapleruby_eringi.007.png>) [12]
\openout2 = `result.aux'.

 (./result.tex
(/usr/local/texlive/2016/texmf-dist/tex/latex/listings/lstlang1.sty
File: lstlang1.sty 2015/06/04 1.6 listings language file
)
(/usr/local/texlive/2016/texmf-dist/tex/latex/listings/lstlang2.sty
File: lstlang2.sty 2015/06/04 1.6 listings language file
)
LaTeX Font Info:    Font shape `JT1/mc/m/n' will be
(Font)              scaled to size 6.72699pt on input line 4.
LaTeX Font Info:    Font shape `JT1/gt/m/n' will be
(Font)              scaled to size 6.72699pt on input line 4.
LaTeX Font Info:    Font shape `JY1/gt/m/n' will be
(Font)              scaled to size 6.72699pt on input line 4.
LaTeX Font Info:    Font shape `JT1/gt/bx/n' in size <7> not available
(Font)              Font shape `JT1/gt/m/n' tried instead on input line 9.
LaTeX Font Info:    Font shape `JT1/gt/m/n' will be
(Font)              scaled to size 6.72699pt on input line 9.
LaTeX Font Info:    Font shape `JY1/gt/bx/n' in size <7> not available
(Font)              Font shape `JY1/gt/m/n' tried instead on input line 9.
LaTeX Font Info:    Font shape `JY1/gt/m/n' will be
(Font)              scaled to size 6.72699pt on input line 9.
LaTeX Font Info:    Font shape `OT1/cmtt/bx/n' in size <7> not available
(Font)              Font shape `OT1/cmtt/m/n' tried instead on input line 9.
 [13


]
LaTeX Font Info:    Try loading font information for OMS+cmr on input line 71.

(/usr/local/texlive/2016/texmf-dist/tex/latex/base/omscmr.fd
File: omscmr.fd 2014/09/29 v2.5h Standard LaTeX font definitions
)
LaTeX Font Info:    Font shape `OMS/cmr/m/n' in size <10> not available
(Font)              Font shape `OMS/cmsy/m/n' tried instead on input line 71.
 [14] [15]
[16]
File: ../figs/./mapleruby_eringi.008.png Graphic file (type eps)
 <../figs/./mapleruby_eringi.008.png>
File: ../figs/./mapleruby_eringi.exmaple.png Graphic file (type eps)

<../figs/./mapleruby_eringi.exmaple.png>) [17] [18]
\openout2 = `discussion.aux'.

 (./discussion.tex
File: ../figs/./mapleruby_eringi.009.png Graphic file (type eps)

<../figs/./mapleruby_eringi.009.png> [19


]) [20]
\openout2 = `conclusion.aux'.

 (./conclusion.tex) [21


]
\openout2 = `references.aux'.


(./references.tex
Overfull \hbox (189.58574pt too wide) in paragraph at lines 2--3
[] \JY1/gt/m/n/10 「\OT1/cmtt/m/n/10 Maple(\JY1/gt/m/n/10 メイプル\OT1/cmtt/m/n
/10 ) \JY1/gt/m/n/10 とは 」 \OT1/cmtt/m/n/10 , \JY1/gt/m/n/10 サイバネ ット\OT
1/cmtt/m/n/10 , http://www.cybernet.co.jp/maple/product/maple/about.html, 2017/
02/01
 []


Underfull \hbox (badness 10000) in paragraph at lines 3--3
[] \JY1/gt/m/n/10 「\OT1/cmtt/m/n/10 RSA \JY1/gt/m/n/10 暗号 」 \OT1/cmtt/m/n/1
0 , Wikipedia, https://ja.wikipedia.org/wiki/RSA \JY1/gt/m/n/10 暗
 []

) [22


] (./mapleruby_eringi.aux (./abst.aux) (./introduction.aux) (./method.aux) (./m
ounting.aux) (./result.aux) (./discussion.aux) (./conclusion.aux)
(./references.aux))

LaTeX Warning: There were multiply-defined labels.

 ) 
Here is how much of TeX's memory you used:
 2576 strings out of 493683
 35611 string characters out of 6149653
 224129 words of memory out of 5000000
 6086 multiletter control sequences out of 15000+600000
 15673 words of font info for 72 fonts, out of 8000000 for 9000
 934 hyphenation exceptions out of 8191
 35i,8n,51p,759b,1682s stack positions out of 5000i,500n,10000p,200000b,80000s

Output written on mapleruby_eringi.dvi (22 pages, 69348 bytes).
